2024-04-06T06:40:33.518Z - GET /
2024-04-06T06:41:09.348Z - GET /getFiles
2024-04-06T06:43:01.245Z - GET /createFile
2024-04-06T06:48:00.718Z - POST /createFile
2024-04-06T06:50:08.057Z - GET /
2024-04-06T06:50:19.252Z - GET /getFiles
2024-04-06T06:54:58.591Z - GET /createFile
2024-04-06T06:55:27.421Z - POST /createFile
2024-04-06T06:57:15.571Z - GET /getFiles
2024-04-06T06:57:52.868Z - GET /getFiles
2024-04-06T06:59:01.870Z - GET /getFile
2024-04-06T06:59:36.819Z - GET /getFile?filename=Luffy
2024-04-06T06:59:44.815Z - GET /getFile?filename=Lufffy
2024-04-06T07:07:03.050Z - POST /getFile?filename=Lufffy
2024-04-06T07:07:25.770Z - POST /createFile
2024-04-06T07:07:46.697Z - POST /getFiles
2024-04-06T07:08:00.562Z - GET /getFiles
2024-04-06T07:08:24.946Z - GET /getFile?filename=Zoro
2024-04-06T07:09:34.343Z - GET /getFile
2024-04-06T07:09:59.471Z - GET /getFile?content:Zoro%20want%20to%20become%20the%20strongest%20Swordsman.
2024-04-06T07:10:22.591Z - GET /getFile?filename:Zoro
2024-04-06T07:10:23.695Z - GET /getFile?filename:Zoro
2024-04-06T07:10:24.183Z - GET /getFile?filename:Zoro
2024-04-06T07:10:24.463Z - GET /getFile?filename:Zoro
2024-04-06T07:10:31.047Z - GET /getFile?filename=Zoro
2024-04-06T07:10:42.340Z - GET /getFile?filename:Zoro
2024-04-06T07:10:54.370Z - GET /getFile?filename=Zoro
2024-04-06T07:11:17.770Z - POST /modifyFile
2024-04-06T07:11:32.730Z - PUT /modifyFile
2024-04-06T07:11:49.239Z - PUT /modifyFile
2024-04-06T07:11:50.631Z - PUT /modifyFile
